c:\users\arthi\documents\unityplugins\unityplugin\unityplugin\x64\release\vc142.pdb
c:\users\arthi\documents\unityplugins\unityplugin\unityplugin\x64\release\wrapper.obj
c:\users\arthi\documents\unityplugins\unityplugin\unityplugin\x64\release\main.obj
c:\users\arthi\documents\unityplugins\unityplugin\unityplugin\x64\release\gameobject.obj
c:\users\arthi\documents\unityprojects\midtermproject\pluginproject\unityplugin\unityplugin\x64\release\vc142.pdb
c:\users\arthi\documents\unityprojects\midtermproject\pluginproject\unityplugin\unityplugin\x64\release\wrapper.obj
c:\users\arthi\documents\unityprojects\midtermproject\pluginproject\unityplugin\unityplugin\x64\release\main.obj
c:\users\arthi\documents\unityprojects\midtermproject\pluginproject\unityplugin\unityplugin\x64\release\gameobject.obj
c:\users\arthi\documents\unityplugins\unityplugin\x64\release\unityplugin.dll
c:\users\arthi\documents\unityplugins\unityplugin\unityplugin\x64\release\unityplugin.ipdb
c:\users\arthi\documents\unityplugins\unityplugin\unityplugin\x64\release\unityplugin.iobj
c:\users\arthi\documents\unityplugins\unityplugin\x64\release\unityplugin.pdb
c:\users\arthi\documents\unityprojects\midtermproject\pluginproject\unityplugin\x64\release\unityplugin.dll
c:\users\arthi\documents\unityprojects\midtermproject\pluginproject\unityplugin\unityplugin\x64\release\unityplugin.ipdb
c:\users\arthi\documents\unityprojects\midtermproject\pluginproject\unityplugin\unityplugin\x64\release\unityplugin.iobj
c:\users\arthi\documents\unityprojects\midtermproject\pluginproject\unityplugin\x64\release\unityplugin.pdb
c:\users\arthi\documents\unityplugins\unityplugin\x64\release\unityplugin.lib
c:\users\arthi\documents\unityplugins\unityplugin\x64\release\unityplugin.exp
c:\users\arthi\documents\unityprojects\midtermproject\pluginproject\unityplugin\x64\release\unityplugin.lib
c:\users\arthi\documents\unityprojects\midtermproject\pluginproject\unityplugin\x64\release\unityplugin.exp
c:\users\arthi\documents\unityprojects\midtermproject\pluginproject\unityplugin\unityplugin\x64\release\unityplugin.tlog\cl.command.1.tlog
c:\users\arthi\documents\unityprojects\midtermproject\pluginproject\unityplugin\unityplugin\x64\release\unityplugin.tlog\cl.read.1.tlog
c:\users\arthi\documents\unityprojects\midtermproject\pluginproject\unityplugin\unityplugin\x64\release\unityplugin.tlog\cl.write.1.tlog
c:\users\arthi\documents\unityprojects\midtermproject\pluginproject\unityplugin\unityplugin\x64\release\unityplugin.tlog\link.command.1.tlog
c:\users\arthi\documents\unityprojects\midtermproject\pluginproject\unityplugin\unityplugin\x64\release\unityplugin.tlog\link.delete.1.tlog
c:\users\arthi\documents\unityprojects\midtermproject\pluginproject\unityplugin\unityplugin\x64\release\unityplugin.tlog\link.read.1.tlog
c:\users\arthi\documents\unityprojects\midtermproject\pluginproject\unityplugin\unityplugin\x64\release\unityplugin.tlog\link.write.1.tlog
c:\users\arthi\documents\unityprojects\midtermproject\pluginproject\unityplugin\unityplugin\x64\release\unityplugin.tlog\unityplugin.write.1u.tlog
