Using pre-set license
Built from '2021.1/staging' branch; Version is '2021.1.7f1 (d91830b65d9b) revision 14227504'; Using compiler version '192528614'; Build Type 'Release'
OS: 'Windows 10 Home; OS build 19042.1237; Version 2009; 64bit' Language: 'en' Physical Memory: 32710 MB
BatchMode: 1, IsHumanControllingUs: 0, StartBugReporterOnCrash: 0, Is64bit: 1, IsPro: 0

 COMMAND LINE ARGUMENTS:
C:\Program Files\Unity\Hub\Editor\2021.1.7f1\Editor\Unity.exe
-adb2
-batchMode
-noUpm
-name
AssetImportWorker0
-projectPath
C:/Users/arthi/Documents/UnityProjects/Marbles
-logFile
Logs/AssetImportWorker0.log
-srvPort
1171
Successfully changed project path to: C:/Users/arthi/Documents/UnityProjects/Marbles
C:/Users/arthi/Documents/UnityProjects/Marbles
Using Asset Import Pipeline V2.
Refreshing native plugins compatible for Editor in 18.12 ms, found 0 plugins.
Preloading 0 native plugins for Editor in 0.00 ms.
Initialize engine version: 2021.1.7f1 (d91830b65d9b)
[Subsystems] Discovering subsystems at path C:/Program Files/Unity/Hub/Editor/2021.1.7f1/Editor/Data/Resources/UnitySubsystems
[Subsystems] Discovering subsystems at path C:/Users/arthi/Documents/UnityProjects/Marbles/Assets
GfxDevice: creating device client; threaded=0; jobified=0
Direct3D:
    Version:  Direct3D 11.0 [level 11.1]
    Renderer: NVIDIA GeForce GTX 1660 SUPER (ID=0x21c4)
    Vendor:   NVIDIA
    VRAM:     5991 MB
    Driver:   30.0.14.7212
Initialize mono
Mono path[0] = 'C:/Program Files/Unity/Hub/Editor/2021.1.7f1/Editor/Data/Managed'
Mono path[1] = 'C:/Program Files/Unity/Hub/Editor/2021.1.7f1/Editor/Data/MonoBleedingEdge/lib/mono/unityjit'
Mono config path = 'C:/Program Files/Unity/Hub/Editor/2021.1.7f1/Editor/Data/MonoBleedingEdge/etc'
Using monoOptions --debugger-agent=transport=dt_socket,embedding=1,server=y,suspend=n,address=127.0.0.1:56876
Begin MonoManager ReloadAssembly
Registering precompiled unity dll's ...
Register platform support module: C:/Program Files/Unity/Hub/Editor/2021.1.7f1/Editor/Data/PlaybackEngines/WebGLSupport/UnityEditor.WebGL.Extensions.dll
Register platform support module: C:/Program Files/Unity/Hub/Editor/2021.1.7f1/Editor/Data/PlaybackEngines/WindowsStandaloneSupport/UnityEditor.WindowsStandalone.Extensions.dll
Registered in 0.001897 seconds.
Native extension for WindowsStandalone target not found
Native extension for WebGL target not found
Refreshing native plugins compatible for Editor in 19.41 ms, found 0 plugins.
Preloading 0 native plugins for Editor in 0.00 ms.
Mono: successfully reloaded assembly
- Completed reload, in  1.574 seconds
Platform modules already initialized, skipping
Registering precompiled user dll's ...
Registered in 0.000539 seconds.
Begin MonoManager ReloadAssembly
Native extension for WindowsStandalone target not found
Native extension for WebGL target not found
Refreshing native plugins compatible for Editor in 0.17 ms, found 0 plugins.
Preloading 0 native plugins for Editor in 0.00 ms.
Mono: successfully reloaded assembly
- Completed reload, in  0.739 seconds
Platform modules already initialized, skipping
========================================================================
Worker process is ready to serve import requests
Launched and connected shader compiler UnityShaderCompiler.exe after 0.03 seconds
Refreshing native plugins compatible for Editor in 0.20 ms, found 0 plugins.
Preloading 0 native plugins for Editor in 0.00 ms.
Unloading 1127 Unused Serialized files (Serialized files now loaded: 0)
System memory in use before: 58.3 MB.
System memory in use after: 58.4 MB.

Unloading 9 unused Assets to reduce memory usage. Loaded Objects now: 1585.
Total: 1.725800 ms (FindLiveObjects: 0.101800 ms CreateObjectMapping: 0.032400 ms MarkObjects: 1.535500 ms  DeleteObjects: 0.055000 ms)

========================================================================
Received Import Request.
  path: Assets/Models/Domino/Domino.fbx
  artifactKey: Guid(d5aea507963908b4598aed6d657e9b82) Importer(815301076,1909f56bfc062723c751e8b465ee728b)
Start importing Assets/Models/Domino/Domino.fbx using Guid(d5aea507963908b4598aed6d657e9b82) Importer(815301076,1909f56bfc062723c751e8b465ee728b)  -> (artifact id: '8a7ad1c3d69aa622131d19ccc15394da') in 0.383009 seconds 
========================================================================
Received Import Request.
  Time since last request: 4.613163 seconds.
  path: Assets/Prefabs/Domino.prefab
  artifactKey: Guid(6a45801068c63134eb2d3bd4bc2af0e1) Importer(815301076,1909f56bfc062723c751e8b465ee728b)
Start importing Assets/Prefabs/Domino.prefab using Guid(6a45801068c63134eb2d3bd4bc2af0e1) Importer(815301076,1909f56bfc062723c751e8b465ee728b)  -> (artifact id: '232bfdb0788a22b5991dc879d6bebfd5') in 0.004870 seconds 
========================================================================
Received Import Request.
  Time since last request: 8.934814 seconds.
  path: Assets/Materials/M_Floor.mat
  artifactKey: Guid(3be19779927d5634bb8d2a1a8d118050) Importer(815301076,1909f56bfc062723c751e8b465ee728b)
Start importing Assets/Materials/M_Floor.mat using Guid(3be19779927d5634bb8d2a1a8d118050) Importer(815301076,1909f56bfc062723c751e8b465ee728b)  -> (artifact id: '473cbf8530e332ab69e148d45878fdcd') in 0.016633 seconds 
========================================================================
Received Import Request.
  Time since last request: 0.000222 seconds.
  path: Assets/Materials/M_Player.mat
  artifactKey: Guid(b8ca782a9474f204a8c35515e61f50f9) Importer(815301076,1909f56bfc062723c751e8b465ee728b)
Start importing Assets/Materials/M_Player.mat using Guid(b8ca782a9474f204a8c35515e61f50f9) Importer(815301076,1909f56bfc062723c751e8b465ee728b)  -> (artifact id: 'de57efa37e586a7a260002b0dc2c9d2e') in 0.011256 seconds 
========================================================================
Received Import Request.
  Time since last request: 9.625577 seconds.
  path: Assets/Models/Track1.fbx
  artifactKey: Guid(5c3979a48c26e944bacfe0f07eb0d36b) Importer(815301076,1909f56bfc062723c751e8b465ee728b)
Start importing Assets/Models/Track1.fbx using Guid(5c3979a48c26e944bacfe0f07eb0d36b) Importer(815301076,1909f56bfc062723c751e8b465ee728b)  -> (artifact id: '4a22eef4ca09ace6fb117553df7c4636') in 0.021218 seconds 
========================================================================
Received Import Request.
  Time since last request: 138.641837 seconds.
  path: Assets/Models
  artifactKey: Guid(ad5e864b022128d4289f625b963fa4c3) Importer(815301076,1909f56bfc062723c751e8b465ee728b)
Start importing Assets/Models using Guid(ad5e864b022128d4289f625b963fa4c3) Importer(815301076,1909f56bfc062723c751e8b465ee728b)  -> (artifact id: '54448d6478568cbafb015588ae638848') in 0.005718 seconds 
========================================================================
Received Import Request.
  Time since last request: 16.914577 seconds.
  path: Assets/Models/Track1.fbx
  artifactKey: Guid(5c3979a48c26e944bacfe0f07eb0d36b) Importer(815301076,1909f56bfc062723c751e8b465ee728b)
Start importing Assets/Models/Track1.fbx using Guid(5c3979a48c26e944bacfe0f07eb0d36b) Importer(815301076,1909f56bfc062723c751e8b465ee728b)  -> (artifact id: '255683847b6dc4dc48333cd7124371c0') in 0.015025 seconds 
========================================================================
Received Import Request.
  Time since last request: 2114.885753 seconds.
  path: Assets/Models/Track2.fbx
  artifactKey: Guid(270d68b90d9f1eb4da684a280bb32098) Importer(815301076,1909f56bfc062723c751e8b465ee728b)
Start importing Assets/Models/Track2.fbx using Guid(270d68b90d9f1eb4da684a280bb32098) Importer(815301076,1909f56bfc062723c751e8b465ee728b)  -> (artifact id: '7ec3a99df901c52a60ab141f190e1171') in 0.022400 seconds 
========================================================================
Received Import Request.
  Time since last request: 0.000339 seconds.
  path: Assets/Models/Track3.fbx
  artifactKey: Guid(55bfa14d442296c4b901526369fa21cb) Importer(815301076,1909f56bfc062723c751e8b465ee728b)
Start importing Assets/Models/Track3.fbx using Guid(55bfa14d442296c4b901526369fa21cb) Importer(815301076,1909f56bfc062723c751e8b465ee728b)  -> (artifact id: '3cd4a21b53ad65f7403d9766a9290ffd') in 0.028968 seconds 
========================================================================
Received Import Request.
  Time since last request: 66.206412 seconds.
  path: Assets/Models/Track3.fbx
  artifactKey: Guid(55bfa14d442296c4b901526369fa21cb) Importer(815301076,1909f56bfc062723c751e8b465ee728b)
Start importing Assets/Models/Track3.fbx using Guid(55bfa14d442296c4b901526369fa21cb) Importer(815301076,1909f56bfc062723c751e8b465ee728b)  -> (artifact id: '3161092945ef49f4bf919b64924b8391') in 0.014086 seconds 
========================================================================
Received Import Request.
  Time since last request: 186.953578 seconds.
  path: Assets/Scripts/PlayerController.cs
  artifactKey: Guid(207caefc79a4bb549a4cfeedc5284c17) Importer(815301076,1909f56bfc062723c751e8b465ee728b)
Start importing Assets/Scripts/PlayerController.cs using Guid(207caefc79a4bb549a4cfeedc5284c17) Importer(815301076,1909f56bfc062723c751e8b465ee728b)  -> (artifact id: '6e9a0e0202333d9c06e97af729eaedfa') in 0.019024 seconds 
========================================================================
Received Prepare
Registering precompiled user dll's ...
Registered in 0.000546 seconds.
Begin MonoManager ReloadAssembly
Native extension for WindowsStandalone target not found
Native extension for WebGL target not found
Refreshing native plugins compatible for Editor in 0.20 ms, found 0 plugins.
Preloading 0 native plugins for Editor in 0.00 ms.
Mono: successfully reloaded assembly
- Completed reload, in  0.737 seconds
Platform modules already initialized, skipping
Refreshing native plugins compatible for Editor in 0.32 ms, found 0 plugins.
Preloading 0 native plugins for Editor in 0.00 ms.
Unloading 1121 Unused Serialized files (Serialized files now loaded: 0)
System memory in use before: 62.3 MB.
System memory in use after: 62.4 MB.

Unloading 5 unused Assets to reduce memory usage. Loaded Objects now: 1631.
Total: 1.811300 ms (FindLiveObjects: 0.115500 ms CreateObjectMapping: 0.033000 ms MarkObjects: 1.641600 ms  DeleteObjects: 0.020100 ms)

========================================================================
Received Prepare
Registering precompiled user dll's ...
Registered in 0.000960 seconds.
Begin MonoManager ReloadAssembly
Native extension for WindowsStandalone target not found
Native extension for WebGL target not found
Refreshing native plugins compatible for Editor in 0.18 ms, found 0 plugins.
Preloading 0 native plugins for Editor in 0.00 ms.
Mono: successfully reloaded assembly
- Completed reload, in  0.706 seconds
Platform modules already initialized, skipping
Refreshing native plugins compatible for Editor in 0.28 ms, found 0 plugins.
Preloading 0 native plugins for Editor in 0.00 ms.
Unloading 1121 Unused Serialized files (Serialized files now loaded: 0)
System memory in use before: 62.3 MB.
System memory in use after: 62.4 MB.

Unloading 4 unused Assets to reduce memory usage. Loaded Objects now: 1634.
Total: 2.305000 ms (FindLiveObjects: 0.430500 ms CreateObjectMapping: 0.152800 ms MarkObjects: 1.707100 ms  DeleteObjects: 0.013600 ms)

========================================================================
Received Prepare
Registering precompiled user dll's ...
Registered in 0.000576 seconds.
Begin MonoManager ReloadAssembly
Native extension for WindowsStandalone target not found
Native extension for WebGL target not found
Refreshing native plugins compatible for Editor in 0.20 ms, found 0 plugins.
Preloading 0 native plugins for Editor in 0.00 ms.
Mono: successfully reloaded assembly
- Completed reload, in  1.000 seconds
Platform modules already initialized, skipping
Refreshing native plugins compatible for Editor in 0.17 ms, found 0 plugins.
Preloading 0 native plugins for Editor in 0.00 ms.
Unloading 1121 Unused Serialized files (Serialized files now loaded: 0)
System memory in use before: 62.3 MB.
System memory in use after: 62.4 MB.

Unloading 4 unused Assets to reduce memory usage. Loaded Objects now: 1637.
Total: 1.485500 ms (FindLiveObjects: 0.093500 ms CreateObjectMapping: 0.025400 ms MarkObjects: 1.356200 ms  DeleteObjects: 0.009400 ms)

========================================================================
Received Import Request.
  Time since last request: 279.346079 seconds.
  path: Assets/Models/Track4.fbx
  artifactKey: Guid(99db413e7f5ec844f9e9baba383c73f2) Importer(815301076,1909f56bfc062723c751e8b465ee728b)
Start importing Assets/Models/Track4.fbx using Guid(99db413e7f5ec844f9e9baba383c73f2) Importer(815301076,1909f56bfc062723c751e8b465ee728b)  -> (artifact id: '0f04156f39bd3f73f9cb214ca24a4dba') in 0.069970 seconds 
========================================================================
Received Prepare
Registering precompiled user dll's ...
Registered in 0.000930 seconds.
Begin MonoManager ReloadAssembly
Native extension for WindowsStandalone target not found
Native extension for WebGL target not found
Refreshing native plugins compatible for Editor in 0.23 ms, found 0 plugins.
Preloading 0 native plugins for Editor in 0.00 ms.
Mono: successfully reloaded assembly
- Completed reload, in  0.714 seconds
Platform modules already initialized, skipping
Refreshing native plugins compatible for Editor in 0.18 ms, found 0 plugins.
Preloading 0 native plugins for Editor in 0.00 ms.
Unloading 1121 Unused Serialized files (Serialized files now loaded: 0)
System memory in use before: 62.3 MB.
System memory in use after: 62.4 MB.

Unloading 5 unused Assets to reduce memory usage. Loaded Objects now: 1641.
Total: 1.481500 ms (FindLiveObjects: 0.089200 ms CreateObjectMapping: 0.024700 ms MarkObjects: 1.354600 ms  DeleteObjects: 0.012500 ms)

========================================================================
Received Import Request.
  Time since last request: 59.549141 seconds.
  path: Assets
  artifactKey: Guid(00000000000000001000000000000000) Importer(815301076,1909f56bfc062723c751e8b465ee728b)
Start importing Assets using Guid(00000000000000001000000000000000) Importer(815301076,1909f56bfc062723c751e8b465ee728b)  -> (artifact id: '42d402b061de3733987d63b9cc3b64de') in 0.007459 seconds 
========================================================================
Received Import Request.
  Time since last request: 4.417876 seconds.
  path: Assets/PhysicsMaterials
  artifactKey: Guid(5abc2ad223ffcda4887306670e208a7f) Importer(815301076,1909f56bfc062723c751e8b465ee728b)
Start importing Assets/PhysicsMaterials using Guid(5abc2ad223ffcda4887306670e208a7f) Importer(815301076,1909f56bfc062723c751e8b465ee728b)  -> (artifact id: 'a10f629345c4b3a569289fd52f8be4bf') in 0.006167 seconds 
========================================================================
Received Import Request.
  Time since last request: 10.283306 seconds.
  path: Assets/PhysicsMaterials/PM_Ground.physicMaterial
  artifactKey: Guid(1f79087f19309374194981c58b0f8487) Importer(815301076,1909f56bfc062723c751e8b465ee728b)
Start importing Assets/PhysicsMaterials/PM_Ground.physicMaterial using Guid(1f79087f19309374194981c58b0f8487) Importer(815301076,1909f56bfc062723c751e8b465ee728b)  -> (artifact id: 'bdb731fae84cbecf93a604bbd117d57e') in 0.013374 seconds 
========================================================================
Received Prepare
Registering precompiled user dll's ...
Registered in 0.000848 seconds.
Begin MonoManager ReloadAssembly
Native extension for WindowsStandalone target not found
Native extension for WebGL target not found
Refreshing native plugins compatible for Editor in 0.18 ms, found 0 plugins.
Preloading 0 native plugins for Editor in 0.00 ms.
Mono: successfully reloaded assembly
- Completed reload, in  0.675 seconds
Platform modules already initialized, skipping
Refreshing native plugins compatible for Editor in 0.23 ms, found 0 plugins.
Preloading 0 native plugins for Editor in 0.00 ms.
Unloading 1121 Unused Serialized files (Serialized files now loaded: 0)
System memory in use before: 62.3 MB.
System memory in use after: 62.4 MB.

Unloading 4 unused Assets to reduce memory usage. Loaded Objects now: 1644.
Total: 1.469500 ms (FindLiveObjects: 0.089100 ms CreateObjectMapping: 0.024000 ms MarkObjects: 1.346500 ms  DeleteObjects: 0.009300 ms)

========================================================================
Received Import Request.
  Time since last request: 184.886750 seconds.
  path: Assets/PhysicsMaterials/PM_Ground.physicMaterial
  artifactKey: Guid(1f79087f19309374194981c58b0f8487) Importer(815301076,1909f56bfc062723c751e8b465ee728b)
Start importing Assets/PhysicsMaterials/PM_Ground.physicMaterial using Guid(1f79087f19309374194981c58b0f8487) Importer(815301076,1909f56bfc062723c751e8b465ee728b)  -> (artifact id: 'adcbf106d8ae94febbb5e5462c9d0fb3') in 0.010190 seconds 
